[debug] [2023-07-27T18:59:33.471Z] ----------------------------------------------------------------------
[debug] [2023-07-27T18:59:33.473Z] Command:       C:\Program Files\nodejs\node.exe C:\Users\acer\AppData\Roaming\npm\node_modules\firebase-tools\lib\bin\firebase.js init
[debug] [2023-07-27T18:59:33.474Z] CLI Version:   12.4.6
[debug] [2023-07-27T18:59:33.474Z] Platform:      win32
[debug] [2023-07-27T18:59:33.474Z] Node Version:  v16.15.1
[debug] [2023-07-27T18:59:33.475Z] Time:          Fri Jul 28 2023 00:59:33 GMT+0600 (Bangladesh Standard Time)
[debug] [2023-07-27T18:59:33.475Z] ----------------------------------------------------------------------
[debug] 
[debug] [2023-07-27T18:59:33.484Z] > command requires scopes: ["email","openid","https://www.googleapis.com/auth/cloudplatformprojects.readonly","https://www.googleapis.com/auth/firebase","https://www.googleapis.com/auth/cloud-platform"]
[debug] [2023-07-27T18:59:33.485Z] > authorizing via signed-in user (arafathmd694@gmail.com)
[info] 
     ######## #### ########  ######## ########     ###     ######  ########
     ##        ##  ##     ## ##       ##     ##  ##   ##  ##       ##
     ######    ##  ########  ######   ########  #########  ######  ######
     ##        ##  ##    ##  ##       ##     ## ##     ##       ## ##
     ##       #### ##     ## ######## ########  ##     ##  ######  ########

You're about to initialize a Firebase project in this directory:

  C:\Projects\my-portfolio-1

Before we get started, keep in mind:

  * You are currently outside your home directory

